<?xml version="1.0" encoding="UTF-8"?>
<!-- Generated by org.testng.reporters.JUnitReportReporter -->
<testsuite skipped="0" hostname="DESKTOP-VRFVKJF" name="day8.KeyRunner" tests="1" failures="0" timestamp="2021-10-06T16:03:35 IST" time="42.231" errors="0">
  <testcase name="run" time="42.231" classname="day8.KeyRunner"/>
  <system-out/>
</testsuite> <!-- day8.KeyRunner -->
