<?xml version="1.0" encoding="UTF-8"?>
<!-- Generated by org.testng.reporters.JUnitReportReporter -->
<testsuite skipped="0" hostname="DESKTOP-VRFVKJF" name="day8.FactoryRunner" tests="1" failures="0" timestamp="2021-10-06T11:46:10 IST" time="12.231" errors="0">
  <testcase name="cancelButtonTest" time="12.231" classname="day8.FactoryRunner"/>
  <system-out/>
</testsuite> <!-- day8.FactoryRunner -->
