<?xml version="1.0" encoding="UTF-8"?>
<!-- Generated by org.testng.reporters.JUnitReportReporter -->
<testsuite skipped="0" hostname="DESKTOP-VRFVKJF" name="com.testcases.LoginTestCase" tests="1" failures="0" timestamp="30 Sep 2021 07:10:56 GMT" time="10.061" errors="0">
  <testcase name="login" time="10.061" classname="com.testcases.LoginTestCase"/>
</testsuite> <!-- com.testcases.LoginTestCase -->
