<?xml version="1.0" encoding="UTF-8"?>
<!-- Generated by org.testng.reporters.JUnitReportReporter -->
<testsuite skipped="3" hostname="DESKTOP-VRFVKJF" name="day2.PositiveContactListTest" tests="7" failures="0" timestamp="08 Oct 2021 06:31:40 GMT" time="8.835" errors="0">
  <testcase name="getSpecificContact3" time="0.523" classname="day2.PositiveContactListTest"/>
  <testcase name="updatingContact" time="0.549" classname="day2.PositiveContactListTest"/>
  <testcase name="addingContact" time="7.220" classname="day2.PositiveContactListTest"/>
  <testcase name="deleteSpecificContact3" time="0.543" classname="day2.PositiveContactListTest"/>
  <testcase name="getContactListInfo" classname="day2.PositiveContactListTest">
    <skipped/>
  </testcase> <!-- getContactListInfo -->
  <testcase name="getSpecificContact2" classname="day2.PositiveContactListTest">
    <skipped/>
  </testcase> <!-- getSpecificContact2 -->
  <testcase name="getSpecificContact" classname="day2.PositiveContactListTest">
    <skipped/>
  </testcase> <!-- getSpecificContact -->
</testsuite> <!-- day2.PositiveContactListTest -->
