<?xml version="1.0" encoding="UTF-8"?>
<!-- Generated by org.testng.reporters.JUnitReportReporter -->
<testsuite skipped="0" hostname="DESKTOP-VRFVKJF" name="com.TestNG.ParallelExecution2" tests="3" failures="0" timestamp="2021-09-28T11:38:13 IST" time="0.015" errors="0">
  <testcase name="TestCase6" time="0.002" classname="com.TestNG.ParallelExecution2"/>
  <system-out/>
  <testcase name="TestCase4" time="0.009" classname="com.TestNG.ParallelExecution2"/>
  <system-out/>
  <testcase name="TestCase5" time="0.004" classname="com.TestNG.ParallelExecution2"/>
  <system-out/>
</testsuite> <!-- com.TestNG.ParallelExecution2 -->
