<?xml version="1.0" encoding="UTF-8"?>
<!-- Generated by org.testng.reporters.JUnitReportReporter -->
<testsuite skipped="0" hostname="DESKTOP-VRFVKJF" name="com.TestNG.ParallelExecution1" tests="3" failures="0" timestamp="2021-09-28T11:38:13 IST" time="0.016" errors="0">
  <testcase name="TestCase1" time="0.009" classname="com.TestNG.ParallelExecution1"/>
  <system-out/>
  <testcase name="TestCase2" time="0.001" classname="com.TestNG.ParallelExecution1"/>
  <system-out/>
  <testcase name="TestCase3" time="0.006" classname="com.TestNG.ParallelExecution1"/>
  <system-out/>
</testsuite> <!-- com.TestNG.ParallelExecution1 -->
