<?xml version="1.0" encoding="UTF-8"?>
<!-- Generated by org.testng.reporters.JUnitReportReporter -->
<testsuite skipped="0" hostname="DESKTOP-VRFVKJF" name="com.TestNG.PriorityTestCase" tests="3" failures="0" timestamp="2021-09-28T11:20:11 IST" time="0.009" errors="0">
  <testcase name="TestCase3" time="0.007" classname="com.TestNG.PriorityTestCase"/>
  <system-out/>
  <testcase name="TestCase1" time="0.001" classname="com.TestNG.PriorityTestCase"/>
  <system-out/>
  <testcase name="TestCase2" time="0.001" classname="com.TestNG.PriorityTestCase"/>
  <system-out/>
</testsuite> <!-- com.TestNG.PriorityTestCase -->
